nohup: ignoring input

Downloading data:   0%|          | 0/470 [00:00<?, ?files/s]
Downloading data:   0%|          | 1/470 [00:00<00:49,  9.56files/s]
Downloading data:  52%|█████▏    | 244/470 [00:00<00:00, 1401.08files/s]
Downloading data: 100%|██████████| 470/470 [00:00<00:00, 1595.23files/s]

Generating train split:   0%|          | 0/33059988 [00:00<?, ? examples/s]
Generating train split:   0%|          | 4000/33059988 [00:00<18:28, 29810.63 examples/s]
Generating train split:   0%|          | 10000/33059988 [00:00<13:03, 42195.05 examples/s]
Generating train split:   0%|          | 16000/33059988 [00:00<11:48, 46667.99 examples/s]
Generating train split:   0%|          | 22000/33059988 [00:00<11:31, 47807.67 examples/s]
Generating train split:   0%|          | 29000/33059988 [00:00<10:35, 51951.45 examples/s]
Generating train split:   0%|          | 36000/33059988 [00:00<10:33, 52126.68 examples/s]
Generating train split:   0%|          | 44000/33059988 [00:00<10:11, 53990.27 examples/s]
Generating train split:   0%|          | 51000/33059988 [00:00<10:00, 54999.41 examples/s]
Generating train split:   0%|          | 59000/33059988 [00:01<09:49, 55988.15 examples/s]
Generating train split:   0%|          | 66000/33059988 [00:01<09:39, 56971.67 examples/s]
Generating train split:   0%|          | 75341/33059988 [00:01<10:16, 53516.79 examples/s]
Generating train split:   0%|          | 81341/33059988 [00:01<10:17, 53408.57 examples/s]
Generating train split:   0%|          | 88341/33059988 [00:01<09:53, 55507.93 examples/s]
Generating train split:   0%|          | 94341/33059988 [00:01<10:13, 53703.46 examples/s]
Generating train split:   0%|          | 102341/33059988 [00:01<09:33, 57501.25 examples/s]
Generating train split:   0%|          | 108341/33059988 [00:02<09:43, 56477.99 examples/s]
Generating train split:   0%|          | 115341/33059988 [00:02<09:36, 57098.76 examples/s]
Generating train split:   0%|          | 123341/33059988 [00:02<09:06, 60213.62 examples/s]
Generating train split:   0%|          | 130341/33059988 [00:02<09:05, 60358.85 examples/s]
Generating train split:   0%|          | 137341/33059988 [00:02<09:05, 60393.12 examples/s]
Generating train split:   0%|          | 145682/33059988 [00:02<09:23, 58415.29 examples/s]
Generating train split:   0%|          | 152682/33059988 [00:02<09:05, 60366.07 examples/s]
Generating train split:   0%|          | 160682/33059988 [00:02<08:50, 61992.43 examples/s]
Generating train split:   1%|          | 167682/33059988 [00:02<08:50, 61987.48 examples/s]
Generating train split:   1%|          | 174682/33059988 [00:03<08:57, 61172.25 examples/s]
Generating train split:   1%|          | 182682/33059988 [00:03<08:43, 62856.16 examples/s]
Generating train split:   1%|          | 192682/33059988 [00:03<08:59, 60934.80 examples/s]
Generating train split:   1%|          | 199682/33059988 [00:03<09:03, 60431.85 examples/s]
Generating train split:   1%|          | 206682/33059988 [00:03<09:01, 60646.36 examples/s]
Generating train split:   1%|          | 213023/33059988 [00:03<09:20, 58629.92 examples/s]
Generating train split:   1%|          | 221023/33059988 [00:03<09:03, 60443.53 examples/s]
Generating train split:   1%|          | 228023/33059988 [00:03<08:58, 60970.87 examples/s]
Generating train split:   1%|          | 236023/33059988 [00:04<09:01, 60622.50 examples/s]
Generating train split:   1%|          | 243023/33059988 [00:04<09:13, 59323.62 examples/s]
Generating train split:   1%|          | 249023/33059988 [00:04<10:54, 50143.57 examples/s]
Generating train split:   1%|          | 255023/33059988 [00:04<12:16, 44543.72 examples/s]
Generating train split:   1%|          | 261023/33059988 [00:04<13:22, 40878.05 examples/s]
Generating train split:   1%|          | 267023/33059988 [00:04<13:55, 39246.18 examples/s]
Generating train split:   1%|          | 273023/33059988 [00:05<14:28, 37758.93 examples/s]
Generating train split:   1%|          | 277023/33059988 [00:05<14:34, 37467.79 examples/s]
Generating train split:   1%|          | 281023/33059988 [00:05<14:47, 36948.20 examples/s]
Generating train split:   1%|          | 286364/33059988 [00:05<13:50, 39441.12 examples/s]
Generating train split:   1%|          | 292364/33059988 [00:05<13:47, 39597.54 examples/s]
Generating train split:   1%|          | 296364/33059988 [00:05<14:01, 38938.25 examples/s]
Generating train split:   1%|          | 300364/33059988 [00:05<14:29, 37666.27 examples/s]
Generating train split:   1%|          | 304364/33059988 [00:05<14:48, 36850.98 examples/s]
Generating train split:   1%|          | 308364/33059988 [00:06<14:46, 36952.68 examples/s]
Generating train split:   1%|          | 312364/33059988 [00:06<14:54, 36610.43 examples/s]
Generating train split:   1%|          | 316364/33059988 [00:06<15:15, 35763.75 examples/s]
Generating train split:   1%|          | 320364/33059988 [00:06<15:36, 34950.16 examples/s]
Generating train split:   1%|          | 324364/33059988 [00:06<15:20, 35576.61 examples/s]
Generating train split:   1%|          | 328364/33059988 [00:06<15:13, 35827.56 examples/s]
Generating train split:   1%|          | 332364/33059988 [00:06<15:04, 36200.39 examples/s]
Generating train split:   1%|          | 336364/33059988 [00:06<15:36, 34946.78 examples/s]
Generating train split:   1%|          | 340364/33059988 [00:06<16:04, 33931.03 examples/s]
Generating train split:   1%|          | 344364/33059988 [00:07<15:45, 34599.50 examples/s]
Generating train split:   1%|          | 348364/33059988 [00:07<15:51, 34394.34 examples/s]
Generating train split:   1%|          | 352705/33059988 [00:07<22:00, 24763.24 examples/s]
Generating train split:   1%|          | 359705/33059988 [00:07<17:03, 31951.57 examples/s]
Generating train split:   1%|          | 363705/33059988 [00:07<17:08, 31785.40 examples/s]
Generating train split:   1%|          | 367705/33059988 [00:07<17:10, 31722.08 examples/s]
Generating train split:   1%|          | 371705/33059988 [00:08<17:28, 31175.47 examples/s]
Generating train split:   1%|          | 375705/33059988 [00:08<17:41, 30792.33 examples/s]
Generating train split:   1%|          | 379705/33059988 [00:08<17:29, 31130.27 examples/s]
Generating train split:   1%|          | 383705/33059988 [00:08<17:00, 32024.27 examples/s]
Generating train split:   1%|          | 388705/33059988 [00:08<16:10, 33675.70 examples/s]
Generating train split:   1%|          | 392705/33059988 [00:08<16:07, 33766.72 examples/s]
Generating train split:   1%|          | 396705/33059988 [00:08<16:13, 33564.36 examples/s]
Generating train split:   1%|          | 400705/33059988 [00:08<15:52, 34276.62 examples/s]
Generating train split:   1%|          | 404705/33059988 [00:08<15:42, 34663.01 examples/s]
Generating train split:   1%|          | 408705/33059988 [00:09<15:49, 34401.05 examples/s]
Generating train split:   1%|          | 412705/33059988 [00:09<15:43, 34605.55 examples/s]
Generating train split:   1%|▏         | 416705/33059988 [00:09<15:58, 34054.63 examples/s]
Generating train split:   1%|▏         | 420705/33059988 [00:09<16:08, 33704.46 examples/s]
Generating train split:   1%|▏         | 425046/33059988 [00:09<16:30, 32940.37 examples/s]
Generating train split:   1%|▏         | 429046/33059988 [00:09<16:38, 32683.12 examples/s]
Generating train split:   1%|▏         | 433046/33059988 [00:09<16:25, 33090.28 examples/s]
Generating train split:   1%|▏         | 441046/33059988 [00:09<12:23, 43866.95 examples/s]
Generating train split:   1%|▏         | 449046/33059988 [00:10<12:09, 44676.79 examples/s]
Generating train split:   1%|▏         | 455046/33059988 [00:10<13:08, 41366.83 examples/s]
Generating train split:   1%|▏         | 461046/33059988 [00:10<13:58, 38899.59 examples/s]
Generating train split:   1%|▏         | 465046/33059988 [00:10<14:16, 38037.09 examples/s]
Generating train split:   1%|▏         | 469046/33059988 [00:10<14:27, 37576.92 examples/s]
Generating train split:   1%|▏         | 473046/33059988 [00:10<14:44, 36856.05 examples/s]
Generating train split:   1%|▏         | 481046/33059988 [00:10<12:05, 44881.30 examples/s]
Generating train split:   1%|▏         | 487046/33059988 [00:11<12:20, 43967.61 examples/s]
Generating train split:   1%|▏         | 492046/33059988 [00:11<15:31, 34969.86 examples/s]
Generating train split:   2%|▏         | 497387/33059988 [00:12<46:44, 11610.41 examples/s]
Generating train split:   2%|▏         | 501387/33059988 [00:12<39:14, 13829.48 examples/s]
Generating train split:   2%|▏         | 506387/33059988 [00:13<49:47, 10896.96 examples/s]
Generating train split:   2%|▏         | 511387/33059988 [00:13<39:13, 13827.56 examples/s]
Generating train split:   2%|▏         | 515387/33059988 [00:13<32:44, 16562.53 examples/s]
Generating train split:   2%|▏         | 520387/33059988 [00:13<32:57, 16452.33 examples/s]
Generating train split:   2%|▏         | 524387/33059988 [00:13<28:02, 19338.01 examples/s]
Generating train split:   2%|▏         | 528387/33059988 [00:14<27:41, 19580.98 examples/s]
Generating train split:   2%|▏         | 535387/33059988 [00:14<20:46, 26090.73 examples/s]
Generating train split:   2%|▏         | 539387/33059988 [00:15<42:22, 12790.87 examples/s]
Generating train split:   2%|▏         | 543387/33059988 [00:15<35:19, 15338.88 examples/s]
Generating train split:   2%|▏         | 547387/33059988 [00:15<30:02, 18039.73 examples/s]
Generating train split:   2%|▏         | 552387/33059988 [00:16<57:20, 9448.19 examples/s] 
Generating train split:   2%|▏         | 556387/33059988 [00:16<46:09, 11736.44 examples/s]
Generating train split:   2%|▏         | 560387/33059988 [00:16<37:24, 14478.86 examples/s]
Generating train split:   2%|▏         | 563728/33059988 [00:16<40:01, 13531.61 examples/s]
Generating train split:   2%|▏         | 567728/33059988 [00:17<33:21, 16232.74 examples/s]
Generating train split:   2%|▏         | 571728/33059988 [00:17<27:53, 19409.80 examples/s]
Generating train split:   2%|▏         | 575728/33059988 [00:17<33:57, 15939.38 examples/s]
Generating train split:   2%|▏         | 579728/33059988 [00:19<1:33:31, 5787.86 examples/s]
Generating train split:   2%|▏         | 583728/33059988 [00:19<1:10:08, 7716.34 examples/s]
Generating train split:   2%|▏         | 587728/33059988 [00:19<53:55, 10035.17 examples/s] 
Generating train split:   2%|▏         | 591728/33059988 [00:19<42:09, 12835.37 examples/s]
Generating train split:   2%|▏         | 595728/33059988 [00:19<33:47, 16011.38 examples/s]
Generating train split:   2%|▏         | 600728/33059988 [00:19<26:47, 20193.67 examples/s]
Generating train split:   2%|▏         | 605728/33059988 [00:19<22:25, 24123.69 examples/s]
Generating train split:   2%|▏         | 609728/33059988 [00:20<20:17, 26643.41 examples/s]
Generating train split:   2%|▏         | 613728/33059988 [00:20<18:41, 28942.95 examples/s]
Generating train split:   2%|▏         | 617728/33059988 [00:20<17:17, 31264.08 examples/s]
Generating train split:   2%|▏         | 622728/33059988 [00:20<16:09, 33450.32 examples/s]
Generating train split:   2%|▏         | 626728/33059988 [00:20<15:35, 34678.60 examples/s]
Generating train split:   2%|▏         | 631728/33059988 [00:20<15:00, 36023.46 examples/s]
Generating train split:   2%|▏         | 636069/33059988 [00:20<23:10, 23322.46 examples/s]
Generating train split:   2%|▏         | 640069/33059988 [00:21<21:01, 25700.32 examples/s]
Generating train split:   2%|▏         | 644069/33059988 [00:21<24:40, 21895.40 examples/s]
Generating train split:   2%|▏         | 648069/33059988 [00:21<22:15, 24271.18 examples/s]
Generating train split:   2%|▏         | 652069/33059988 [00:21<20:04, 26901.29 examples/s]
Generating train split:   2%|▏         | 657069/33059988 [00:22<38:19, 14094.05 examples/s]
Generating train split:   2%|▏         | 661069/33059988 [00:22<31:34, 17100.67 examples/s]
Generating train split:   2%|▏         | 665069/33059988 [00:22<26:36, 20289.50 examples/s]
Generating train split:   2%|▏         | 670069/33059988 [00:23<43:58, 12277.58 examples/s]
Generating train split:   2%|▏         | 674069/33059988 [00:23<36:00, 14988.71 examples/s]
Generating train split:   2%|▏         | 677069/33059988 [00:23<57:49, 9333.84 examples/s] 
Generating train split:   2%|▏         | 682069/33059988 [00:24<41:29, 13003.64 examples/s]
Generating train split:   2%|▏         | 688069/33059988 [00:24<35:49, 15061.50 examples/s]
Generating train split:   2%|▏         | 692069/33059988 [00:24<30:08, 17900.84 examples/s]
Generating train split:   2%|▏         | 696069/33059988 [00:24<25:50, 20872.21 examples/s]
Generating train split:   2%|▏         | 701069/33059988 [00:24<23:31, 22932.39 examples/s]
Generating train split:   2%|▏         | 704410/33059988 [00:25<30:06, 17914.46 examples/s]
Generating train split:   2%|▏         | 708410/33059988 [00:25<25:39, 21014.79 examples/s]
Generating train split:   2%|▏         | 714410/33059988 [00:25<24:33, 21948.84 examples/s]
Generating train split:   2%|▏         | 718410/33059988 [00:25<22:40, 23773.54 examples/s]
Generating train split:   2%|▏         | 722410/33059988 [00:25<20:28, 26313.61 examples/s]
Generating train split:   2%|▏         | 727410/33059988 [00:26<29:05, 18525.44 examples/s]
Generating train split:   2%|▏         | 731410/33059988 [00:26<25:14, 21343.42 examples/s]
Generating train split:   2%|▏         | 735410/33059988 [00:26<22:32, 23896.90 examples/s]
Generating train split:   2%|▏         | 740410/33059988 [00:27<40:53, 13171.61 examples/s]
Generating train split:   2%|▏         | 744410/33059988 [00:27<33:53, 15894.31 examples/s]
Generating train split:   2%|▏         | 747410/33059988 [00:27<56:53, 9464.99 examples/s] 
Generating train split:   2%|▏         | 751410/33059988 [00:28<44:22, 12135.99 examples/s]
Generating train split:   2%|▏         | 756410/33059988 [00:28<33:42, 15974.00 examples/s]
Generating train split:   2%|▏         | 759410/33059988 [00:28<35:15, 15269.08 examples/s]
Generating train split:   2%|▏         | 763410/33059988 [00:28<29:22, 18328.38 examples/s]
Generating train split:   2%|▏         | 767410/33059988 [00:28<25:14, 21318.48 examples/s]
Generating train split:   2%|▏         | 772410/33059988 [00:28<21:17, 25283.86 examples/s]
Generating train split:   2%|▏         | 776751/33059988 [00:29<28:17, 19015.33 examples/s]
Generating train split:   2%|▏         | 781751/33059988 [00:29<23:27, 22935.63 examples/s]
Generating train split:   2%|▏         | 785751/33059988 [00:29<24:37, 21850.14 examples/s]
Generating train split:   2%|▏         | 789751/33059988 [00:29<21:46, 24691.93 examples/s]
Generating train split:   2%|▏         | 793751/33059988 [00:29<19:34, 27481.11 examples/s]
Generating train split:   2%|▏         | 798751/33059988 [00:30<38:38, 13912.79 examples/s]
Generating train split:   2%|▏         | 802751/33059988 [00:30<32:07, 16738.24 examples/s]
Generating train split:   2%|▏         | 806751/33059988 [00:30<27:00, 19901.87 examples/s]
Generating train split:   2%|▏         | 811751/33059988 [00:31<38:43, 13876.87 examples/s]
Generating train split:   2%|▏         | 815751/33059988 [00:31<31:55, 16836.63 examples/s]
Generating train split:   2%|▏         | 818751/33059988 [00:31<46:43, 11501.31 examples/s]
Generating train split:   2%|▏         | 822751/33059988 [00:31<37:05, 14487.33 examples/s]
Generating train split:   3%|▎         | 826751/33059988 [00:32<30:20, 17707.14 examples/s]
Generating train split:   3%|▎         | 829751/33059988 [00:32<45:01, 11931.23 examples/s]
Generating train split:   3%|▎         | 836751/33059988 [00:32<28:52, 18600.01 examples/s]
Generating train split:   3%|▎         | 840751/33059988 [00:32<32:16, 16633.73 examples/s]
Generating train split:   3%|▎         | 845092/33059988 [00:33<59:07, 9080.05 examples/s] 
Generating train split:   3%|▎         | 851092/33059988 [00:34<41:33, 12915.99 examples/s]
Generating train split:   3%|▎         | 855092/33059988 [00:34<39:24, 13617.76 examples/s]
Generating train split:   3%|▎         | 861092/33059988 [00:34<28:37, 18747.88 examples/s]
Generating train split:   3%|▎         | 866092/33059988 [00:34<28:17, 18965.92 examples/s]
Generating train split:   3%|▎         | 873092/33059988 [00:34<21:03, 25473.98 examples/s]
Generating train split:   3%|▎         | 877092/33059988 [00:35<23:47, 22546.97 examples/s]
Generating train split:   3%|▎         | 885092/33059988 [00:35<17:27, 30709.01 examples/s]
Generating train split:   3%|▎         | 891092/33059988 [00:35<19:55, 26906.34 examples/s]
Generating train split:   3%|▎         | 897092/33059988 [00:35<16:52, 31759.26 examples/s]
Generating train split:   3%|▎         | 902092/33059988 [00:35<19:51, 26987.61 examples/s]
Generating train split:   3%|▎         | 910092/33059988 [00:36<16:41, 32117.43 examples/s]
Generating train split:   3%|▎         | 915433/33059988 [00:36<20:56, 25591.88 examples/s]
Generating train split:   3%|▎         | 921433/33059988 [00:36<18:12, 29427.40 examples/s]
Generating train split:   3%|▎         | 925433/33059988 [00:37<32:24, 16527.78 examples/s]
Generating train split:   3%|▎         | 930433/33059988 [00:37<26:39, 20088.82 examples/s]
Generating train split:   3%|▎         | 936433/33059988 [00:37<40:31, 13211.69 examples/s]
Generating train split:   3%|▎         | 942433/33059988 [00:38<30:49, 17362.86 examples/s]
Generating train split:   3%|▎         | 947433/33059988 [00:38<37:15, 14367.27 examples/s]
Generating train split:   3%|▎         | 952433/33059988 [00:38<30:11, 17727.81 examples/s]
Generating train split:   3%|▎         | 957433/33059988 [00:38<24:44, 21625.54 examples/s]
Generating train split:   3%|▎         | 961433/33059988 [00:39<30:54, 17308.25 examples/s]
Generating train split:   3%|▎         | 968433/33059988 [00:39<22:29, 23774.81 examples/s]
Generating train split:   3%|▎         | 973433/33059988 [00:39<26:37, 20090.59 examples/s]
Generating train split:   3%|▎         | 980433/33059988 [00:39<22:21, 23908.91 examples/s]
Generating train split:   3%|▎         | 985774/33059988 [00:40<25:02, 21342.57 examples/s]
Generating train split:   3%|▎         | 992774/33059988 [00:40<19:28, 27440.01 examples/s]
Generating train split:   3%|▎         | 998774/33059988 [00:40<20:43, 25789.46 examples/s]
Generating train split:   3%|▎         | 1006774/33059988 [00:40<20:27, 26109.56 examples/s]
Generating train split:   3%|▎         | 1015774/33059988 [00:40<15:39, 34113.36 examples/s]
Generating train split:   3%|▎         | 1021774/33059988 [00:41<17:33, 30399.13 examples/s]
Generating train split:   3%|▎         | 1026774/33059988 [00:41<16:34, 32198.41 examples/s]
Generating train split:   3%|▎         | 1031774/33059988 [00:41<29:37, 18022.81 examples/s]
Generating train split:   3%|▎         | 1036774/33059988 [00:42<25:14, 21147.82 examples/s]
Generating train split:   3%|▎         | 1042774/33059988 [00:42<28:04, 19001.94 examples/s]
Generating train split:   3%|▎         | 1050774/33059988 [00:42<25:03, 21287.27 examples/s]
Generating train split:   3%|▎         | 1056115/33059988 [00:43<27:37, 19313.10 examples/s]
Generating train split:   3%|▎         | 1062115/33059988 [00:43<22:19, 23894.38 examples/s]
Generating train split:   3%|▎         | 1066115/33059988 [00:43<28:11, 18915.18 examples/s]
Generating train split:   3%|▎         | 1073115/33059988 [00:43<21:24, 24893.17 examples/s]
Generating train split:   3%|▎         | 1077115/33059988 [00:44<28:29, 18711.89 examples/s]
Generating train split:   3%|▎         | 1083115/33059988 [00:44<22:15, 23943.60 examples/s]
Generating train split:   3%|▎         | 1088115/33059988 [00:44<26:33, 20058.54 examples/s]
Generating train split:   3%|▎         | 1095115/33059988 [00:44<20:14, 26321.26 examples/s]
Generating train split:   3%|▎         | 1100115/33059988 [00:45<23:42, 22461.96 examples/s]
Generating train split:   3%|▎         | 1105115/33059988 [00:45<20:12, 26354.70 examples/s]
Generating train split:   3%|▎         | 1111115/33059988 [00:45<22:08, 24042.31 examples/s]
Generating train split:   3%|▎         | 1119115/33059988 [00:45<16:38, 32000.90 examples/s]
Generating train split:   3%|▎         | 1126456/33059988 [00:45<20:14, 26304.33 examples/s]
Generating train split:   3%|▎         | 1134456/33059988 [00:46<15:42, 33868.56 examples/s]
Generating train split:   3%|▎         | 1139456/33059988 [00:46<25:16, 21046.29 examples/s]
Generating train split:   3%|▎         | 1143456/33059988 [00:46<23:36, 22539.81 examples/s]
Generating train split:   3%|▎         | 1147456/33059988 [00:46<21:56, 24233.04 examples/s]
Generating train split:   3%|▎         | 1152456/33059988 [00:47<35:21, 15036.89 examples/s]
Generating train split:   3%|▎         | 1156456/33059988 [00:47<30:15, 17568.02 examples/s]
Generating train split:   4%|▎         | 1159456/33059988 [00:47<30:17, 17554.27 examples/s]
Generating train split:   4%|▎         | 1166456/33059988 [00:47<21:33, 24663.64 examples/s]
Generating train split:   4%|▎         | 1170456/33059988 [00:48<25:46, 20622.65 examples/s]
Generating train split:   4%|▎         | 1175456/33059988 [00:48<21:58, 24184.66 examples/s]
Generating train split:   4%|▎         | 1181456/33059988 [00:48<23:22, 22721.91 examples/s]
Generating train split:   4%|▎         | 1186456/33059988 [00:48<19:48, 26808.87 examples/s]
Generating train split:   4%|▎         | 1191456/33059988 [00:48<18:05, 29359.02 examples/s]
Generating train split:   4%|▎         | 1195456/33059988 [00:48<17:20, 30611.49 examples/s]
Generating train split:   4%|▎         | 1200797/33059988 [00:49<39:53, 13310.86 examples/s]
Generating train split:   4%|▎         | 1205797/33059988 [00:49<31:32, 16828.86 examples/s]
Generating train split:   4%|▎         | 1212797/33059988 [00:50<37:36, 14114.77 examples/s]
Generating train split:   4%|▎         | 1217797/33059988 [00:51<45:50, 11575.62 examples/s]
Generating train split:   4%|▎         | 1225797/33059988 [00:51<31:07, 17041.99 examples/s]
Generating train split:   4%|▎         | 1232797/33059988 [00:51<27:54, 19007.11 examples/s]
Generating train split:   4%|▍         | 1239797/33059988 [00:51<25:48, 20548.54 examples/s]
Generating train split:   4%|▍         | 1247797/33059988 [00:51<19:35, 27060.24 examples/s]
Generating train split:   4%|▍         | 1254797/33059988 [00:52<20:51, 25417.81 examples/s]
Generating train split:   4%|▍         | 1261797/33059988 [00:52<18:19, 28931.37 examples/s]
Generating train split:   4%|▍         | 1267138/33059988 [00:52<20:31, 25808.04 examples/s]
Generating train split:   4%|▍         | 1275138/33059988 [00:52<16:21, 32374.67 examples/s]
Generating train split:   4%|▍         | 1281138/33059988 [00:53<18:11, 29125.30 examples/s]
Generating train split:   4%|▍         | 1288138/33059988 [00:53<19:24, 27280.52 examples/s]
Generating train split:   4%|▍         | 1295138/33059988 [00:53<16:12, 32654.47 examples/s]
Generating train split:   4%|▍         | 1303138/33059988 [00:53<16:58, 31174.05 examples/s]
Generating train split:   4%|▍         | 1310138/33059988 [00:54<17:59, 29410.73 examples/s]
Generating train split:   4%|▍         | 1318138/33059988 [00:54<14:46, 35818.12 examples/s]
Generating train split:   4%|▍         | 1325138/33059988 [00:54<16:24, 32225.30 examples/s]
Generating train split:   4%|▍         | 1331138/33059988 [00:54<14:48, 35710.30 examples/s]
Generating train split:   4%|▍         | 1336138/33059988 [00:54<14:52, 35533.01 examples/s]
Generating train split:   4%|▍         | 1341479/33059988 [00:55<19:14, 27465.28 examples/s]
Generating train split:   4%|▍         | 1348479/33059988 [00:55<24:17, 21750.63 examples/s]
Generating train split:   4%|▍         | 1354479/33059988 [00:55<19:54, 26533.29 examples/s]
Generating train split:   4%|▍         | 1359479/33059988 [00:55<22:02, 23976.01 examples/s]
Generating train split:   4%|▍         | 1366479/33059988 [00:55<17:19, 30490.26 examples/s]
Generating train split:   4%|▍         | 1374479/33059988 [00:56<18:14, 28943.34 examples/s]
Generating train split:   4%|▍         | 1381479/33059988 [00:56<19:04, 27682.53 examples/s]
Generating train split:   4%|▍         | 1389479/33059988 [00:56<15:25, 34209.49 examples/s]
Generating train split:   4%|▍         | 1395479/33059988 [00:56<18:05, 29179.93 examples/s]
Generating train split:   4%|▍         | 1403479/33059988 [00:57<17:06, 30852.50 examples/s]
Generating train split:   4%|▍         | 1407820/33059988 [00:57<20:07, 26212.37 examples/s]
Generating train split:   4%|▍         | 1414820/33059988 [00:57<16:16, 32394.40 examples/s]
Generating train split:   4%|▍         | 1421820/33059988 [00:57<17:24, 30288.72 examples/s]
Generating train split:   4%|▍         | 1428820/33059988 [00:58<18:14, 28890.50 examples/s]
Generating train split:   4%|▍         | 1441820/33059988 [00:58<23:08, 22774.40 examples/s]
Generating train split:   4%|▍         | 1461820/33059988 [00:59<15:08, 34775.99 examples/s]
Generating train split:   4%|▍         | 1469820/33059988 [00:59<13:19, 39512.96 examples/s]
Generating train split:   4%|▍         | 1476820/33059988 [00:59<12:58, 40572.37 examples/s]
Generating train split:   4%|▍         | 1482161/33059988 [00:59<19:25, 27089.94 examples/s]
Generating train split:   5%|▍         | 1488161/33059988 [01:00<20:57, 25107.66 examples/s]
Generating train split:   5%|▍         | 1496161/33059988 [01:00<16:49, 31274.54 examples/s]
Generating train split:   5%|▍         | 1504161/33059988 [01:00<18:57, 27746.51 examples/s]
Generating train split:   5%|▍         | 1511161/33059988 [01:00<16:11, 32457.81 examples/s]
Generating train split:   5%|▍         | 1516161/33059988 [01:01<21:12, 24781.27 examples/s]
Generating train split:   5%|▍         | 1524161/33059988 [01:01<20:22, 25801.80 examples/s]
Generating train split:   5%|▍         | 1533161/33059988 [01:01<15:48, 33229.78 examples/s]
Generating train split:   5%|▍         | 1539161/33059988 [01:01<17:07, 30664.10 examples/s]
Generating train split:   5%|▍         | 1545161/33059988 [01:01<15:25, 34062.73 examples/s]
Generating train split:   5%|▍         | 1552502/33059988 [01:02<18:25, 28490.26 examples/s]
Generating train split:   5%|▍         | 1558502/33059988 [01:02<19:44, 26599.18 examples/s]
Generating train split:   5%|▍         | 1565502/33059988 [01:02<16:15, 32291.08 examples/s]
Generating train split:   5%|▍         | 1573502/33059988 [01:02<18:14, 28766.02 examples/s]
Generating train split:   5%|▍         | 1581502/33059988 [01:03<18:06, 28962.18 examples/s]
Generating train split:   5%|▍         | 1589502/33059988 [01:03<14:51, 35320.22 examples/s]
Generating train split:   5%|▍         | 1596502/33059988 [01:03<16:22, 32028.73 examples/s]
Generating train split:   5%|▍         | 1603502/33059988 [01:03<18:26, 28425.74 examples/s]
Generating train split:   5%|▍         | 1611502/33059988 [01:04<15:01, 34893.70 examples/s]
Generating train split:   5%|▍         | 1618843/33059988 [01:04<18:23, 28486.87 examples/s]
Generating train split:   5%|▍         | 1625843/33059988 [01:04<15:30, 33774.65 examples/s]
Generating train split:   5%|▍         | 1631843/33059988 [01:04<17:18, 30262.29 examples/s]
Generating train split:   5%|▍         | 1639843/33059988 [01:05<17:17, 30275.67 examples/s]
Generating train split:   5%|▍         | 1647843/33059988 [01:05<13:59, 37429.36 examples/s]
Generating train split:   5%|▌         | 1654843/33059988 [01:05<16:00, 32683.83 examples/s]
Generating train split:   5%|▌         | 1662843/33059988 [01:05<16:52, 31021.58 examples/s]
Generating train split:   5%|▌         | 1670843/33059988 [01:05<13:55, 37547.43 examples/s]
Generating train split:   5%|▌         | 1677843/33059988 [01:06<15:37, 33483.28 examples/s]
Generating train split:   5%|▌         | 1685843/33059988 [01:06<13:35, 38467.70 examples/s]
Generating train split:   5%|▌         | 1693184/33059988 [01:06<16:01, 32632.89 examples/s]
Generating train split:   5%|▌         | 1699184/33059988 [01:06<21:23, 24433.94 examples/s]
Generating train split:   5%|▌         | 1707184/33059988 [01:07<17:00, 30733.68 examples/s]
Generating train split:   5%|▌         | 1715184/33059988 [01:07<17:40, 29553.95 examples/s]
Generating train split:   5%|▌         | 1722184/33059988 [01:07<18:22, 28417.63 examples/s]
Generating train split:   5%|▌         | 1730184/33059988 [01:07<15:04, 34643.48 examples/s]
Generating train split:   5%|▌         | 1737184/33059988 [01:08<16:40, 31299.76 examples/s]
Generating train split:   5%|▌         | 1744184/33059988 [01:08<18:05, 28843.45 examples/s]
Generating train split:   5%|▌         | 1752184/33059988 [01:08<14:52, 35096.26 examples/s]
Generating train split:   5%|▌         | 1759525/33059988 [01:08<17:30, 29791.89 examples/s]
Generating train split:   5%|▌         | 1767525/33059988 [01:08<14:24, 36215.91 examples/s]
Generating train split:   5%|▌         | 1773525/33059988 [01:09<16:25, 31751.64 examples/s]
Generating train split:   5%|▌         | 1780525/33059988 [01:09<17:24, 29936.51 examples/s]
Generating train split:   5%|▌         | 1788525/33059988 [01:09<14:27, 36064.48 examples/s]
Generating train split:   5%|▌         | 1794525/33059988 [01:09<16:18, 31949.39 examples/s]
Generating train split:   5%|▌         | 1802525/33059988 [01:10<17:12, 30263.09 examples/s]
Generating train split:   5%|▌         | 1810525/33059988 [01:10<14:05, 36959.41 examples/s]
Generating train split:   5%|▌         | 1816525/33059988 [01:10<16:02, 32450.09 examples/s]
Generating train split:   6%|▌         | 1824525/33059988 [01:10<14:26, 36027.52 examples/s]
Generating train split:   6%|▌         | 1829866/33059988 [01:10<16:57, 30684.18 examples/s]
Generating train split:   6%|▌         | 1837866/33059988 [01:11<13:49, 37634.60 examples/s]
Generating train split:   6%|▌         | 1843866/33059988 [01:11<16:09, 32189.67 examples/s]
Generating train split:   6%|▌         | 1850866/33059988 [01:11<17:12, 30213.37 examples/s]
Generating train split:   6%|▌         | 1857866/33059988 [01:11<14:39, 35466.19 examples/s]
Generating train split:   6%|▌         | 1865866/33059988 [01:12<19:49, 26214.97 examples/s]
Generating train split:   6%|▌         | 1873866/33059988 [01:12<19:31, 26611.22 examples/s]
Generating train split:   6%|▌         | 1881866/33059988 [01:12<15:49, 32846.55 examples/s]
Generating train split:   6%|▌         | 1888866/33059988 [01:12<16:58, 30603.15 examples/s]
Generating train split:   6%|▌         | 1894866/33059988 [01:12<15:04, 34443.32 examples/s]
Generating train split:   6%|▌         | 1900207/33059988 [01:13<19:06, 27170.54 examples/s]
Generating train split:   6%|▌         | 1907207/33059988 [01:13<15:51, 32750.48 examples/s]
Generating train split:   6%|▌         | 1914207/33059988 [01:13<17:45, 29224.76 examples/s]
Generating train split:   6%|▌         | 1922207/33059988 [01:13<18:33, 27957.50 examples/s]
Generating train split:   6%|▌         | 1929207/33059988 [01:14<15:33, 33336.94 examples/s]
Generating train split:   6%|▌         | 1936207/33059988 [01:14<17:29, 29646.65 examples/s]
Generating train split:   6%|▌         | 1943207/33059988 [01:14<14:50, 34941.73 examples/s]
Generating train split:   6%|▌         | 1948207/33059988 [01:14<17:31, 29583.57 examples/s]
Generating train split:   6%|▌         | 1956207/33059988 [01:15<18:00, 28773.42 examples/s]
Generating train split:   6%|▌         | 1964207/33059988 [01:15<14:31, 35666.37 examples/s]
Generating train split:   6%|▌         | 1970548/33059988 [01:15<17:49, 29082.14 examples/s]
Generating train split:   6%|▌         | 1978548/33059988 [01:15<14:10, 36551.61 examples/s]
Generating train split:   6%|▌         | 1984548/33059988 [01:15<15:51, 32649.45 examples/s]
Generating train split:   6%|▌         | 1992548/33059988 [01:16<16:39, 31094.84 examples/s]
Generating train split:   6%|▌         | 2000548/33059988 [01:16<13:39, 37911.07 examples/s]
Generating train split:   6%|▌         | 2007548/33059988 [01:16<19:31, 26513.15 examples/s]
Generating train split:   6%|▌         | 2015548/33059988 [01:17<20:31, 25212.02 examples/s]
Generating train split:   6%|▌         | 2022548/33059988 [01:17<16:57, 30511.78 examples/s]
Generating train split:   6%|▌         | 2030548/33059988 [01:17<19:09, 26997.16 examples/s]
Generating train split:   6%|▌         | 2037548/33059988 [01:17<17:23, 29743.21 examples/s]
Generating train split:   6%|▌         | 2044889/33059988 [01:18<19:58, 25877.24 examples/s]
Generating train split:   6%|▌         | 2050889/33059988 [01:18<29:42, 17395.47 examples/s]
Generating train split:   6%|▌         | 2062889/33059988 [01:18<19:01, 27155.29 examples/s]
Generating train split:   6%|▋         | 2069889/33059988 [01:18<16:17, 31687.94 examples/s]
Generating train split:   6%|▋         | 2077889/33059988 [01:19<16:49, 30682.91 examples/s]
Generating train split:   6%|▋         | 2084889/33059988 [01:19<17:49, 28971.93 examples/s]
Generating train split:   6%|▋         | 2092889/33059988 [01:19<14:34, 35422.58 examples/s]
Generating train split:   6%|▋         | 2100889/33059988 [01:19<15:15, 33810.44 examples/s]
Generating train split:   6%|▋         | 2107889/33059988 [01:20<13:50, 37258.60 examples/s]
Generating train split:   6%|▋         | 2114230/33059988 [01:20<19:13, 26835.17 examples/s]
Generating train split:   6%|▋         | 2121230/33059988 [01:20<20:58, 24581.55 examples/s]
Generating train split:   6%|▋         | 2129230/33059988 [01:20<16:45, 30761.68 examples/s]
Generating train split:   6%|▋         | 2137230/33059988 [01:21<17:18, 29786.69 examples/s]
Generating train split:   6%|▋         | 2144230/33059988 [01:21<18:11, 28325.60 examples/s]
Generating train split:   7%|▋         | 2152230/33059988 [01:21<14:36, 35266.97 examples/s]
Generating train split:   7%|▋         | 2159230/33059988 [01:21<16:21, 31476.34 examples/s]
Generating train split:   7%|▋         | 2166230/33059988 [01:22<17:53, 28790.00 examples/s]
Generating train split:   7%|▋         | 2174230/33059988 [01:22<14:44, 34916.37 examples/s]
Generating train split:   7%|▋         | 2181571/33059988 [01:22<17:50, 28835.59 examples/s]
Generating train split:   7%|▋         | 2189571/33059988 [01:22<14:29, 35489.28 examples/s]
Generating train split:   7%|▋         | 2195571/33059988 [01:23<16:16, 31622.93 examples/s]
Generating train split:   7%|▋         | 2202571/33059988 [01:23<17:13, 29861.47 examples/s]
Generating train split:   7%|▋         | 2210571/33059988 [01:23<13:54, 36986.42 examples/s]
Generating train split:   7%|▋         | 2218571/33059988 [01:23<15:10, 33888.55 examples/s]
Generating train split:   7%|▋         | 2225571/33059988 [01:23<16:38, 30876.56 examples/s]
Generating train split:   7%|▋         | 2233571/33059988 [01:24<13:47, 37246.27 examples/s]
Generating train split:   7%|▋         | 2240571/33059988 [01:24<15:10, 33860.52 examples/s]
Generating train split:   7%|▋         | 2247571/33059988 [01:24<14:02, 36574.90 examples/s]
Generating train split:   7%|▋         | 2251912/33059988 [01:24<17:26, 29433.39 examples/s]
Generating train split:   7%|▋         | 2258912/33059988 [01:24<14:41, 34953.32 examples/s]
Generating train split:   7%|▋         | 2264912/33059988 [01:25<21:33, 23812.36 examples/s]
Generating train split:   7%|▋         | 2271912/33059988 [01:25<17:24, 29476.91 examples/s]
Generating train split:   7%|▋         | 2276912/33059988 [01:25<19:26, 26392.92 examples/s]
Generating train split:   7%|▋         | 2283912/33059988 [01:25<19:35, 26177.15 examples/s]
Generating train split:   7%|▋         | 2289912/33059988 [01:26<16:30, 31068.42 examples/s]
Generating train split:   7%|▋         | 2294912/33059988 [01:26<18:25, 27828.27 examples/s]
Generating train split:   7%|▋         | 2302912/33059988 [01:26<14:39, 34979.33 examples/s]
Generating train split:   7%|▋         | 2309912/33059988 [01:26<16:25, 31206.00 examples/s]
Generating train split:   7%|▋         | 2316912/33059988 [01:26<16:57, 30205.42 examples/s]
Generating train split:   7%|▋         | 2322253/33059988 [01:27<19:43, 25982.22 examples/s]
Generating train split:   7%|▋         | 2330253/33059988 [01:27<15:39, 32700.98 examples/s]
Generating train split:   7%|▋         | 2336253/33059988 [01:27<16:59, 30142.93 examples/s]
Generating train split:   7%|▋         | 2343253/33059988 [01:27<17:34, 29133.85 examples/s]
Generating train split:   7%|▋         | 2351253/33059988 [01:27<14:03, 36420.78 examples/s]
Generating train split:   7%|▋         | 2358253/33059988 [01:28<15:38, 32718.17 examples/s]
Generating train split:   7%|▋         | 2366253/33059988 [01:28<19:55, 25666.55 examples/s]
Generating train split:   7%|▋         | 2377253/33059988 [01:28<15:05, 33867.70 examples/s]
Generating train split:   7%|▋         | 2385253/33059988 [01:28<13:04, 39093.17 examples/s]
Generating train split:   7%|▋         | 2390253/33059988 [01:29<12:53, 39649.28 examples/s]
Generating train split:   7%|▋         | 2395594/33059988 [01:29<15:53, 32143.77 examples/s]
Generating train split:   7%|▋         | 2402594/33059988 [01:29<17:25, 29309.47 examples/s]
Generating train split:   7%|▋         | 2409594/33059988 [01:29<14:43, 34689.03 examples/s]
Generating train split:   7%|▋         | 2417594/33059988 [01:30<17:32, 29125.98 examples/s]
Generating train split:   7%|▋         | 2424594/33059988 [01:30<20:12, 25274.58 examples/s]
Generating train split:   7%|▋         | 2432594/33059988 [01:30<15:54, 32104.05 examples/s]
Generating train split:   7%|▋         | 2440594/33059988 [01:30<16:24, 31110.08 examples/s]
Generating train split:   7%|▋         | 2447594/33059988 [01:31<17:14, 29577.56 examples/s]
Generating train split:   7%|▋         | 2455594/33059988 [01:31<14:11, 35952.70 examples/s]
Generating train split:   7%|▋         | 2462935/33059988 [01:31<17:11, 29651.54 examples/s]
Generating train split:   7%|▋         | 2469935/33059988 [01:31<14:40, 34756.72 examples/s]
Generating train split:   7%|▋         | 2476935/33059988 [01:32<16:56, 30076.87 examples/s]
Generating train split:   8%|▊         | 2483935/33059988 [01:32<18:47, 27114.80 examples/s]
Generating train split:   8%|▊         | 2490935/33059988 [01:32<15:38, 32560.49 examples/s]
Generating train split:   8%|▊         | 2495935/33059988 [01:32<18:02, 28238.34 examples/s]
Generating train split:   8%|▊         | 2503935/33059988 [01:32<14:26, 35282.58 examples/s]
Generating train split:   8%|▊         | 2510935/33059988 [01:33<16:11, 31441.06 examples/s]
Generating train split:   8%|▊         | 2517935/33059988 [01:33<17:15, 29508.02 examples/s]
Generating train split:   8%|▊         | 2525935/33059988 [01:33<14:08, 35979.00 examples/s]
Generating train split:   8%|▊         | 2533276/33059988 [01:33<16:44, 30386.00 examples/s]
Generating train split:   8%|▊         | 2541276/33059988 [01:33<13:46, 36942.94 examples/s]
Generating train split:   8%|▊         | 2547276/33059988 [01:34<15:46, 32222.59 examples/s]
Generating train split:   8%|▊         | 2554276/33059988 [01:34<16:48, 30242.77 examples/s]
Generating train split:   8%|▊         | 2562276/33059988 [01:34<13:43, 37042.43 examples/s]
Generating train split:   8%|▊         | 2569276/33059988 [01:34<15:21, 33092.51 examples/s]
Generating train split:   8%|▊         | 2575276/33059988 [01:34<13:39, 37194.23 examples/s]
Generating train split:   8%|▊         | 2581276/33059988 [01:35<19:27, 26106.80 examples/s]
Generating train split:   8%|▊         | 2588276/33059988 [01:35<19:23, 26198.44 examples/s]
Generating train split:   8%|▊         | 2596276/33059988 [01:35<15:24, 32940.44 examples/s]
Generating train split:   8%|▊         | 2603617/33059988 [01:36<17:56, 28288.23 examples/s]
Generating train split:   8%|▊         | 2611617/33059988 [01:36<14:33, 34838.66 examples/s]
Generating train split:   8%|▊         | 2617617/33059988 [01:36<16:55, 29974.10 examples/s]
Generating train split:   8%|▊         | 2625617/33059988 [01:36<17:35, 28844.01 examples/s]
Generating train split:   8%|▊         | 2632617/33059988 [01:36<15:01, 33743.47 examples/s]
Generating train split:   8%|▊         | 2639617/33059988 [01:37<17:17, 29308.28 examples/s]
Generating train split:   8%|▊         | 2647617/33059988 [01:37<17:48, 28469.56 examples/s]
Generating train split:   8%|▊         | 2655617/33059988 [01:37<14:39, 34555.63 examples/s]
Generating train split:   8%|▊         | 2661617/33059988 [01:37<16:24, 30884.82 examples/s]
Generating train split:   8%|▊         | 2668617/33059988 [01:38<13:54, 36420.31 examples/s]
Generating train split:   8%|▊         | 2673958/33059988 [01:38<17:59, 28151.57 examples/s]
Generating train split:   8%|▊         | 2680958/33059988 [01:38<15:07, 33488.38 examples/s]
Generating train split:   8%|▊         | 2687958/33059988 [01:38<16:39, 30374.07 examples/s]
Generating train split:   8%|▊         | 2695958/33059988 [01:39<16:57, 29856.03 examples/s]
Generating train split:   8%|▊         | 2703958/33059988 [01:39<13:44, 36808.59 examples/s]
Generating train split:   8%|▊         | 2710958/33059988 [01:39<15:30, 32608.48 examples/s]
Generating train split:   8%|▊         | 2717958/33059988 [01:39<19:05, 26484.77 examples/s]
Generating train split:   8%|▊         | 2725958/33059988 [01:39<15:40, 32240.11 examples/s]
Generating train split:   8%|▊         | 2732958/33059988 [01:40<17:00, 29720.21 examples/s]
Generating train split:   8%|▊         | 2739958/33059988 [01:40<15:08, 33386.02 examples/s]
Generating train split:   8%|▊         | 2744299/33059988 [01:40<18:12, 27759.90 examples/s]
Generating train split:   8%|▊         | 2752299/33059988 [01:40<14:23, 35118.49 examples/s]
Generating train split:   8%|▊         | 2758299/33059988 [01:41<17:22, 29066.57 examples/s]
Generating train split:   8%|▊         | 2764299/33059988 [01:41<15:11, 33232.18 examples/s]
Generating train split:   8%|▊         | 2769299/33059988 [01:41<19:18, 26141.93 examples/s]
Generating train split:   8%|▊         | 2776299/33059988 [01:41<19:19, 26113.17 examples/s]
Generating train split:   8%|▊         | 2784299/33059988 [01:41<15:05, 33429.23 examples/s]
Generating train split:   8%|▊         | 2791299/33059988 [01:42<16:17, 30977.52 examples/s]
Generating train split:   8%|▊         | 2798299/33059988 [01:42<17:15, 29229.36 examples/s]
Generating train split:   8%|▊         | 2806299/33059988 [01:42<13:57, 36126.13 examples/s]
Generating train split:   9%|▊         | 2813299/33059988 [01:42<13:20, 37765.04 examples/s]
Generating train split:   9%|▊         | 2818640/33059988 [01:42<16:27, 30618.33 examples/s]
Generating train split:   9%|▊         | 2824640/33059988 [01:43<17:54, 28126.65 examples/s]
Generating train split:   9%|▊         | 2832640/33059988 [01:43<14:09, 35583.23 examples/s]
Generating train split:   9%|▊         | 2839640/33059988 [01:43<15:33, 32359.75 examples/s]
Generating train split:   9%|▊         | 2847640/33059988 [01:43<17:21, 29022.27 examples/s]
Generating train split:   9%|▊         | 2853640/33059988 [01:44<15:10, 33166.01 examples/s]
Generating train split:   9%|▊         | 2858640/33059988 [01:44<19:49, 25393.62 examples/s]
Generating train split:   9%|▊         | 2866640/33059988 [01:44<15:44, 31971.27 examples/s]
Generating train split:   9%|▊         | 2872640/33059988 [01:44<17:45, 28324.34 examples/s]
Generating train split:   9%|▊         | 2879640/33059988 [01:44<14:35, 34469.13 examples/s]
Generating train split:   9%|▊         | 2884981/33059988 [01:45<18:45, 26821.98 examples/s]
Generating train split:   9%|▊         | 2891981/33059988 [01:45<15:16, 32932.45 examples/s]
Generating train split:   9%|▉         | 2898981/33059988 [01:45<17:04, 29450.51 examples/s]
Generating train split:   9%|▉         | 2905981/33059988 [01:45<14:20, 35036.70 examples/s]
Generating train split:   9%|▉         | 2910981/33059988 [01:46<18:31, 27134.84 examples/s]
Generating train split:   9%|▉         | 2917981/33059988 [01:46<14:54, 33678.41 examples/s]
Generating train split:   9%|▉         | 2922981/33059988 [01:46<17:12, 29174.34 examples/s]
Generating train split:   9%|▉         | 2929981/33059988 [01:46<18:48, 26702.92 examples/s]
Generating train split:   9%|▉         | 2937981/33059988 [01:46<14:44, 34053.14 examples/s]
Generating train split:   9%|▉         | 2945981/33059988 [01:47<15:38, 32092.85 examples/s]
Generating train split:   9%|▉         | 2955322/33059988 [01:47<16:30, 30378.97 examples/s]
Generating train split:   9%|▉         | 2963322/33059988 [01:47<13:35, 36918.84 examples/s]
Generating train split:   9%|▉         | 2970322/33059988 [01:47<15:08, 33132.69 examples/s]
Generating train split:   9%|▉         | 2978322/33059988 [01:48<15:43, 31899.85 examples/s]
Generating train split:   9%|▉         | 2986322/33059988 [01:48<13:16, 37753.71 examples/s]
Generating train split:   9%|▉         | 2992322/33059988 [01:48<15:13, 32919.82 examples/s]
Generating train split:   9%|▉         | 2998322/33059988 [01:48<13:32, 36992.82 examples/s]
Generating train split:   9%|▉         | 3003322/33059988 [01:48<16:06, 31101.33 examples/s]
Generating train split:   9%|▉         | 3005322/33059988 [01:48<18:08, 27613.72 examples/s]
Traceback (most recent call last):
  File "/usr/local/lib/python3.12/dist-packages/datasets/builder.py", line 859, in incomplete_dir
    yield tmp_dir
  File "/usr/local/lib/python3.12/dist-packages/datasets/builder.py", line 894, in download_and_prepare
    self._download_and_prepare(
  File "/usr/local/lib/python3.12/dist-packages/datasets/builder.py", line 970, in _download_and_prepare
    self._prepare_split(split_generator, **prepare_split_kwargs)
  File "/usr/local/lib/python3.12/dist-packages/datasets/builder.py", line 1702, in _prepare_split
    for job_id, done, content in self._prepare_split_single(
                                 ^^^^^^^^^^^^^^^^^^^^^^^^^^^
  File "/usr/local/lib/python3.12/dist-packages/datasets/builder.py", line 1815, in _prepare_split_single
    for _, table in generator:
                    ^^^^^^^^^
  File "/usr/local/lib/python3.12/dist-packages/datasets/packaged_modules/parquet/parquet.py", line 93, in _generate_tables
    for batch_idx, record_batch in enumerate(
                                   ^^^^^^^^^^
  File "pyarrow/_dataset.pyx", line 3806, in _iterator
  File "pyarrow/_dataset.pyx", line 3427, in pyarrow._dataset.TaggedRecordBatchIterator.__next__
  File "<string>", line 1, in <lambda>
KeyboardInterrupt

During handling of the above exception, another exception occurred:

Traceback (most recent call last):
  File "/content/drive/MyDrive/aladdin/arabic_101B.py", line 26, in <module>
    ds = load_dataset("ClusterlabAi/101_billion_arabic_words_dataset", split="train")
         ^^^^^^^^^^^^^^^^^^^^^^^^^^^^^^^^^^^^^^^^^^^^^^^^^^^^^^^^^^^^^^^^^^^^^^^^^^^^
  File "/usr/local/lib/python3.12/dist-packages/datasets/load.py", line 1412, in load_dataset
    builder_instance.download_and_prepare(
  File "/usr/local/lib/python3.12/dist-packages/datasets/builder.py", line 885, in download_and_prepare
    with incomplete_dir(self._output_dir) as tmp_output_dir:
         ^^^^^^^^^^^^^^^^^^^^^^^^^^^^^^^^
  File "/usr/lib/python3.12/contextlib.py", line 158, in __exit__
    self.gen.throw(value)
  File "/usr/local/lib/python3.12/dist-packages/datasets/builder.py", line 866, in incomplete_dir
    shutil.rmtree(tmp_dir)
  File "/usr/lib/python3.12/shutil.py", line 759, in rmtree
    _rmtree_safe_fd(stack, onexc)
  File "/usr/lib/python3.12/shutil.py", line 698, in _rmtree_safe_fd
    os.unlink(entry.name, dir_fd=topfd)
KeyboardInterrupt
